<?xml version="1.0" encoding="UTF-8"?>
<!-- Generated by org.testng.reporters.JUnitReportReporter -->
<testsuite hostname="Karna" failures="0" tests="2" name="com.Tastynibbles.Runner.TastyNibblesRegistration" time="197.325" errors="0" timestamp="2025-03-21T13:59:21 IST" skipped="0">
  <testcase classname="com.Tastynibbles.Runner.TastyNibblesRegistration" name="runScenario" time="95.093"/>
  <system-out/>
  <testcase classname="com.Tastynibbles.Runner.TastyNibblesRegistration" name="runScenario" time="102.232"/>
  <system-out/>
</testsuite> <!-- com.Tastynibbles.Runner.TastyNibblesRegistration -->
