<?xml version="1.0" encoding="UTF-8"?>
<!-- Generated by org.testng.reporters.JUnitReportReporter -->
<testsuite hostname="Karna" failures="0" tests="1" name="com.Tastynibbles.Runner.TastyNibblesLoginAndLogout" time="51.897" errors="0" timestamp="2025-03-21T13:59:21 IST" skipped="0">
  <testcase classname="com.Tastynibbles.Runner.TastyNibblesLoginAndLogout" name="runScenario" time="51.897"/>
  <system-out/>
</testsuite> <!-- com.Tastynibbles.Runner.TastyNibblesLoginAndLogout -->
