<?xml version="1.0" encoding="UTF-8"?>
<!-- Generated by org.testng.reporters.JUnitReportReporter -->
<testsuite hostname="Karna" failures="0" tests="2" name="com.Tastynibbles.Runner.TestyNibblesValidAndInvalidCredentials" time="85.435" errors="0" timestamp="2025-03-21T13:59:21 IST" skipped="0">
  <testcase classname="com.Tastynibbles.Runner.TestyNibblesValidAndInvalidCredentials" name="runScenario" time="35.893"/>
  <system-out/>
  <testcase classname="com.Tastynibbles.Runner.TestyNibblesValidAndInvalidCredentials" name="runScenario" time="49.542"/>
  <system-out/>
</testsuite> <!-- com.Tastynibbles.Runner.TestyNibblesValidAndInvalidCredentials -->
