<?xml version="1.0" encoding="UTF-8"?>
<!-- Generated by org.testng.reporters.JUnitReportReporter -->
<testsuite hostname="Karna" failures="0" tests="1" name="com.Tastynibbles.Runner.TastyNibblesAddItemToCart" time="88.063" errors="0" timestamp="2025-03-25T16:11:48 IST" skipped="0">
  <testcase classname="com.Tastynibbles.Runner.TastyNibblesAddItemToCart" name="runScenario" time="88.063"/>
  <system-out/>
</testsuite> <!-- com.Tastynibbles.Runner.TastyNibblesAddItemToCart -->
