<?xml version="1.0" encoding="UTF-8"?>
<!-- Generated by org.testng.reporters.JUnitReportReporter -->
<testsuite hostname="Karna" failures="0" tests="2" name="com.Tastynibbles.Runner.TestyNibblesValidAndInvalidCredentials" time="110.910" errors="0" timestamp="2025-03-25T16:11:48 IST" skipped="0">
  <testcase classname="com.Tastynibbles.Runner.TestyNibblesValidAndInvalidCredentials" name="runScenario" time="55.368"/>
  <system-out/>
  <testcase classname="com.Tastynibbles.Runner.TestyNibblesValidAndInvalidCredentials" name="runScenario" time="55.542"/>
  <system-out/>
</testsuite> <!-- com.Tastynibbles.Runner.TestyNibblesValidAndInvalidCredentials -->
