<?xml version="1.0" encoding="UTF-8"?>
<!-- Generated by org.testng.reporters.JUnitReportReporter -->
<testsuite hostname="Karna" failures="0" tests="1" name="com.Tastynibbles.Runner.TastyNibblesAddingMultipleProductsAndVerfyCart" time="124.433" errors="0" timestamp="2025-03-25T16:11:48 IST" skipped="0">
  <testcase classname="com.Tastynibbles.Runner.TastyNibblesAddingMultipleProductsAndVerfyCart" name="runScenario" time="124.433"/>
  <system-out/>
</testsuite> <!-- com.Tastynibbles.Runner.TastyNibblesAddingMultipleProductsAndVerfyCart -->
