<?xml version="1.0" encoding="UTF-8"?>
<!-- Generated by org.testng.reporters.JUnitReportReporter -->
<testsuite hostname="Karna" failures="0" tests="2" name="com.Tastynibbles.Runner.TastyNibblesRegistration" time="164.563" errors="0" timestamp="2025-03-25T16:11:48 IST" skipped="0">
  <testcase classname="com.Tastynibbles.Runner.TastyNibblesRegistration" name="runScenario" time="41.717"/>
  <system-out/>
  <testcase classname="com.Tastynibbles.Runner.TastyNibblesRegistration" name="runScenario" time="122.846"/>
  <system-out/>
</testsuite> <!-- com.Tastynibbles.Runner.TastyNibblesRegistration -->
